2026-04-29 20:00:14 [OCR] Hammerspoon | Hammerspoon Console
2026-04-29 20:00:15 [START] interval=5s
2026-04-29 20:00:15 [OK] Hammerspoon -> engine
2026-04-29 20:00:32 [OCR] Google Chrome | Window Context Report - Google Chrome - 林森
2026-04-29 20:00:33 [START] interval=5s
2026-04-29 20:00:34 [OK] Google Chrome -> engine
2026-04-29 20:00:39 [OCR] Google Chrome | Window Context Report - Google Chrome - 林森
2026-04-29 20:00:40 [START] interval=5s
2026-04-29 20:00:41 [OK] Google Chrome -> engine
2026-04-29 20:07:43 [OCR] Hammerspoon | Hammerspoon Console
2026-04-29 20:07:44 [START] Window Context interval=5s
2026-04-29 20:07:45 [OCR] Ghostty |  
2026-04-29 20:07:47 [START] Window Context interval=5s
2026-04-29 20:07:48 [OCR] Ghostty |  
2026-04-29 20:07:49 [START] Window Context interval=5s
2026-04-29 20:07:51 [OCR] Hammerspoon | Hammerspoon Console
2026-04-29 20:07:53 [START] Window Context interval=5s
2026-04-29 20:07:56 [OCR] Hammerspoon | Hammerspoon Console
2026-04-29 20:07:59 [START] Window Context interval=5s
2026-04-29 20:08:00 [OK] Hammerspoon -> engine
